<?xml version="1.0" encoding="UTF-8"?>
<testsuites name="automation-bookstore" time="31.12" tests="8" failures="0" errors="0">
   <testsuite name="automation-bookstore" tests="8" failures="0" errors="0" time="31.12" skipped="0" timestamp="2025-10-05T08:16:54.113Z" hostname="feliaanjani - localhost" id="Test Suites/Task/automation-bookstore">
      <properties>
         <property name="deviceName" value=""/>
         <property name="devicePlatform"/>
         <property name="logFolder" value="/Users/feliaanjani/Katalon Studio/webAutomation/Reports/20251005_151652/Task/automation-bookstore/20251005_151652"/>
         <property name="logFiles" value="/Users/feliaanjani/Katalon Studio/webAutomation/Reports/20251005_151652/Task/automation-bookstore/20251005_151652/execution0.log, /Users/feliaanjani/Katalon Studio/webAutomation/Reports/20251005_151652/Task/automation-bookstore/20251005_151652/console0.log"/>
         <property name="attachments" value=""/>
         <property name="hostName" value="feliaanjani - localhost"/>
         <property name="os" value="Mac OS X 64bit"/>
         <property name="katalonVersion" value="10.3.1.0"/>
         <property name="browser" value="Chrome 140.0.7339.215"/>
         <property name="userFullName" value="anjanifeliaa03"/>
         <property name="hostAddress" value="127.0.0.1"/>
         <property name="sessionId" value="ea8c76662eb909c121b7c58aea3b19f4"/>
         <property name="projectName" value="webAutomation"/>
         <property name="seleniumVersion" value="4.28.1"/>
         <property name="proxyInformation" value="ProxyInformation { proxyOption=NO_PROXY, proxyServerType=HTTP, username=, password=********, proxyServerAddress=, proxyServerPort=0, executionList=&quot;&quot;, isApplyToDesiredCapabilities=true }"/>
         <property name="platform" value="Mac OS X"/>
      </properties>
      <testcase name="Test Cases/Task-Bookstore" time="4.535" classname="Test Cases/Task-Bookstore" status="PASSED">
         <properties>
            <property name="data_binding"><![CDATA[{"id_books":"1","name_book":"Test Automation in the Real World"}]]></property>
         </properties>
         <system-out><![CDATA[05-10-2025T15:16:54 - [TEST_CASE][PASSED] - Test Cases/Task-Bookstore: Test Cases/Task-Bookstore

05-10-2025T15:16:54 - [TEST_STEP][PASSED] - Start listener action : beforeTestCase: null

05-10-2025T15:16:54 - [TEST_STEP][PASSED] - addDefaultPackages(): null

05-10-2025T15:16:54 - [TEST_STEP][PASSED] - openBrowser(""): Browser is opened with url: ''

05-10-2025T15:16:54 - [MESSAGE][INFO] - Starting 'Chrome' driver

05-10-2025T15:16:54 - [MESSAGE][INFO] - Action delay is set to 0 milliseconds

05-10-2025T15:16:56 - [MESSAGE][PASSED] - Browser is opened with url: ''

05-10-2025T15:16:56 - [TEST_STEP][PASSED] - navigateToUrl("https://automationbookstore.dev/"): Navigate to 'https://automationbookstore.dev/' successfully

05-10-2025T15:16:56 - [MESSAGE][PASSED] - Navigate to 'https://automationbookstore.dev/' successfully

05-10-2025T15:16:56 - [TEST_STEP][PASSED] - maximizeWindow(): Current window maximized

05-10-2025T15:16:56 - [MESSAGE][PASSED] - Current window maximized

05-10-2025T15:16:56 - [TEST_STEP][PASSED] - verifyElementText(findTestObject("Automation Bookstore/title-automation-bookstore"), "Automation Bookstore"): Actual text and expected text of test object 'Object Repository/Automation Bookstore/title-automation-bookstore' are matched.

05-10-2025T15:16:57 - [MESSAGE][PASSED] - Actual text and expected text of test object 'Object Repository/Automation Bookstore/title-automation-bookstore' are matched.

05-10-2025T15:16:57 - [TEST_STEP][PASSED] - click(findTestObject("Automation Bookstore/search_bar")): Object: 'Object Repository/Automation Bookstore/search_bar' is clicked on

05-10-2025T15:16:57 - [MESSAGE][PASSED] - Object: 'Object Repository/Automation Bookstore/search_bar' is clicked on

05-10-2025T15:16:57 - [TEST_STEP][PASSED] - setText(findTestObject("Automation Bookstore/search_bar"), name_book): Text 'Test Automation in the Real World' is set on object 'Object Repository/Automation Bookstore/search_bar'

05-10-2025T15:16:57 - [MESSAGE][PASSED] - Text 'Test Automation in the Real World' is set on object 'Object Repository/Automation Bookstore/search_bar'

05-10-2025T15:16:57 - [TEST_STEP][PASSED] - verifyTextPresent(name_book, false): Text 'Test Automation in the Real World' is present on page 

05-10-2025T15:16:58 - [MESSAGE][PASSED] - Text 'Test Automation in the Real World' is present on page 

05-10-2025T15:16:58 - [TEST_STEP][PASSED] - click(findTestObject("Automation Bookstore/X-button")): Object: 'Object Repository/Automation Bookstore/X-button' is clicked on

05-10-2025T15:16:58 - [MESSAGE][PASSED] - Object: 'Object Repository/Automation Bookstore/X-button' is clicked on

05-10-2025T15:16:58 - [TEST_STEP][PASSED] - verifyTextPresent(name_book, false): Text 'Test Automation in the Real World' is present on page 

05-10-2025T15:16:58 - [MESSAGE][PASSED] - Text 'Test Automation in the Real World' is present on page 

05-10-2025T15:16:58 - [TEST_STEP][PASSED] - closeBrowser(): Browser is closed

05-10-2025T15:16:58 - [MESSAGE][PASSED] - Browser is closed]]></system-out>
         <system-err><![CDATA[]]></system-err>
      </testcase>
      <testcase name="Test Cases/Task-Bookstore" time="3.486" classname="Test Cases/Task-Bookstore" status="PASSED">
         <properties>
            <property name="data_binding"><![CDATA[{"id_books":"2","name_book":"Experiences of Test Automation"}]]></property>
         </properties>
         <system-out><![CDATA[05-10-2025T15:16:58 - [TEST_CASE][PASSED] - Test Cases/Task-Bookstore: Test Cases/Task-Bookstore

05-10-2025T15:16:58 - [TEST_STEP][PASSED] - Start listener action : beforeTestCase: null

05-10-2025T15:16:58 - [TEST_STEP][PASSED] - addDefaultPackages(): null

05-10-2025T15:16:58 - [TEST_STEP][PASSED] - openBrowser(""): Browser is opened with url: ''

05-10-2025T15:16:58 - [MESSAGE][INFO] - Starting 'Chrome' driver

05-10-2025T15:16:58 - [MESSAGE][INFO] - Action delay is set to 0 milliseconds

05-10-2025T15:16:59 - [MESSAGE][PASSED] - Browser is opened with url: ''

05-10-2025T15:16:59 - [TEST_STEP][PASSED] - navigateToUrl("https://automationbookstore.dev/"): Navigate to 'https://automationbookstore.dev/' successfully

05-10-2025T15:17:00 - [MESSAGE][PASSED] - Navigate to 'https://automationbookstore.dev/' successfully

05-10-2025T15:17:00 - [TEST_STEP][PASSED] - maximizeWindow(): Current window maximized

05-10-2025T15:17:00 - [MESSAGE][PASSED] - Current window maximized

05-10-2025T15:17:00 - [TEST_STEP][PASSED] - verifyElementText(findTestObject("Automation Bookstore/title-automation-bookstore"), "Automation Bookstore"): Actual text and expected text of test object 'Object Repository/Automation Bookstore/title-automation-bookstore' are matched.

05-10-2025T15:17:00 - [MESSAGE][PASSED] - Actual text and expected text of test object 'Object Repository/Automation Bookstore/title-automation-bookstore' are matched.

05-10-2025T15:17:00 - [TEST_STEP][PASSED] - click(findTestObject("Automation Bookstore/search_bar")): Object: 'Object Repository/Automation Bookstore/search_bar' is clicked on

05-10-2025T15:17:00 - [MESSAGE][PASSED] - Object: 'Object Repository/Automation Bookstore/search_bar' is clicked on

05-10-2025T15:17:00 - [TEST_STEP][PASSED] - setText(findTestObject("Automation Bookstore/search_bar"), name_book): Text 'Experiences of Test Automation' is set on object 'Object Repository/Automation Bookstore/search_bar'

05-10-2025T15:17:01 - [MESSAGE][PASSED] - Text 'Experiences of Test Automation' is set on object 'Object Repository/Automation Bookstore/search_bar'

05-10-2025T15:17:01 - [TEST_STEP][PASSED] - verifyTextPresent(name_book, false): Text 'Experiences of Test Automation' is present on page 

05-10-2025T15:17:01 - [MESSAGE][PASSED] - Text 'Experiences of Test Automation' is present on page 

05-10-2025T15:17:01 - [TEST_STEP][PASSED] - click(findTestObject("Automation Bookstore/X-button")): Object: 'Object Repository/Automation Bookstore/X-button' is clicked on

05-10-2025T15:17:02 - [MESSAGE][PASSED] - Object: 'Object Repository/Automation Bookstore/X-button' is clicked on

05-10-2025T15:17:02 - [TEST_STEP][PASSED] - verifyTextPresent(name_book, false): Text 'Experiences of Test Automation' is present on page 

05-10-2025T15:17:02 - [MESSAGE][PASSED] - Text 'Experiences of Test Automation' is present on page 

05-10-2025T15:17:02 - [TEST_STEP][PASSED] - closeBrowser(): Browser is closed

05-10-2025T15:17:02 - [MESSAGE][PASSED] - Browser is closed]]></system-out>
         <system-err><![CDATA[]]></system-err>
      </testcase>
      <testcase name="Test Cases/Task-Bookstore" time="3.432" classname="Test Cases/Task-Bookstore" status="PASSED">
         <properties>
            <property name="data_binding"><![CDATA[{"id_books":"3","name_book":"Agile Testing"}]]></property>
         </properties>
         <system-out><![CDATA[05-10-2025T15:17:02 - [TEST_CASE][PASSED] - Test Cases/Task-Bookstore: Test Cases/Task-Bookstore

05-10-2025T15:17:02 - [TEST_STEP][PASSED] - Start listener action : beforeTestCase: null

05-10-2025T15:17:02 - [TEST_STEP][PASSED] - addDefaultPackages(): null

05-10-2025T15:17:02 - [TEST_STEP][PASSED] - openBrowser(""): Browser is opened with url: ''

05-10-2025T15:17:02 - [MESSAGE][INFO] - Starting 'Chrome' driver

05-10-2025T15:17:02 - [MESSAGE][INFO] - Action delay is set to 0 milliseconds

05-10-2025T15:17:03 - [MESSAGE][PASSED] - Browser is opened with url: ''

05-10-2025T15:17:03 - [TEST_STEP][PASSED] - navigateToUrl("https://automationbookstore.dev/"): Navigate to 'https://automationbookstore.dev/' successfully

05-10-2025T15:17:03 - [MESSAGE][PASSED] - Navigate to 'https://automationbookstore.dev/' successfully

05-10-2025T15:17:03 - [TEST_STEP][PASSED] - maximizeWindow(): Current window maximized

05-10-2025T15:17:03 - [MESSAGE][PASSED] - Current window maximized

05-10-2025T15:17:03 - [TEST_STEP][PASSED] - verifyElementText(findTestObject("Automation Bookstore/title-automation-bookstore"), "Automation Bookstore"): Actual text and expected text of test object 'Object Repository/Automation Bookstore/title-automation-bookstore' are matched.

05-10-2025T15:17:04 - [MESSAGE][PASSED] - Actual text and expected text of test object 'Object Repository/Automation Bookstore/title-automation-bookstore' are matched.

05-10-2025T15:17:04 - [TEST_STEP][PASSED] - click(findTestObject("Automation Bookstore/search_bar")): Object: 'Object Repository/Automation Bookstore/search_bar' is clicked on

05-10-2025T15:17:04 - [MESSAGE][PASSED] - Object: 'Object Repository/Automation Bookstore/search_bar' is clicked on

05-10-2025T15:17:04 - [TEST_STEP][PASSED] - setText(findTestObject("Automation Bookstore/search_bar"), name_book): Text 'Agile Testing' is set on object 'Object Repository/Automation Bookstore/search_bar'

05-10-2025T15:17:04 - [MESSAGE][PASSED] - Text 'Agile Testing' is set on object 'Object Repository/Automation Bookstore/search_bar'

05-10-2025T15:17:04 - [TEST_STEP][PASSED] - verifyTextPresent(name_book, false): Text 'Agile Testing' is present on page 

05-10-2025T15:17:05 - [MESSAGE][PASSED] - Text 'Agile Testing' is present on page 

05-10-2025T15:17:05 - [TEST_STEP][PASSED] - click(findTestObject("Automation Bookstore/X-button")): Object: 'Object Repository/Automation Bookstore/X-button' is clicked on

05-10-2025T15:17:05 - [MESSAGE][PASSED] - Object: 'Object Repository/Automation Bookstore/X-button' is clicked on

05-10-2025T15:17:05 - [TEST_STEP][PASSED] - verifyTextPresent(name_book, false): Text 'Agile Testing' is present on page 

05-10-2025T15:17:05 - [MESSAGE][PASSED] - Text 'Agile Testing' is present on page 

05-10-2025T15:17:05 - [TEST_STEP][PASSED] - closeBrowser(): Browser is closed

05-10-2025T15:17:05 - [MESSAGE][PASSED] - Browser is closed]]></system-out>
         <system-err><![CDATA[]]></system-err>
      </testcase>
      <testcase name="Test Cases/Task-Bookstore" time="5.246" classname="Test Cases/Task-Bookstore" status="PASSED">
         <properties>
            <property name="data_binding"><![CDATA[{"id_books":"4","name_book":"How Google Tests Software"}]]></property>
         </properties>
         <system-out><![CDATA[05-10-2025T15:17:05 - [TEST_CASE][PASSED] - Test Cases/Task-Bookstore: Test Cases/Task-Bookstore

05-10-2025T15:17:05 - [TEST_STEP][PASSED] - Start listener action : beforeTestCase: null

05-10-2025T15:17:05 - [TEST_STEP][PASSED] - addDefaultPackages(): null

05-10-2025T15:17:05 - [TEST_STEP][PASSED] - openBrowser(""): Browser is opened with url: ''

05-10-2025T15:17:05 - [MESSAGE][INFO] - Starting 'Chrome' driver

05-10-2025T15:17:05 - [MESSAGE][INFO] - Action delay is set to 0 milliseconds

05-10-2025T15:17:06 - [MESSAGE][PASSED] - Browser is opened with url: ''

05-10-2025T15:17:06 - [TEST_STEP][PASSED] - navigateToUrl("https://automationbookstore.dev/"): Navigate to 'https://automationbookstore.dev/' successfully

05-10-2025T15:17:08 - [MESSAGE][PASSED] - Navigate to 'https://automationbookstore.dev/' successfully

05-10-2025T15:17:08 - [TEST_STEP][PASSED] - maximizeWindow(): Current window maximized

05-10-2025T15:17:09 - [MESSAGE][PASSED] - Current window maximized

05-10-2025T15:17:09 - [TEST_STEP][PASSED] - verifyElementText(findTestObject("Automation Bookstore/title-automation-bookstore"), "Automation Bookstore"): Actual text and expected text of test object 'Object Repository/Automation Bookstore/title-automation-bookstore' are matched.

05-10-2025T15:17:09 - [MESSAGE][PASSED] - Actual text and expected text of test object 'Object Repository/Automation Bookstore/title-automation-bookstore' are matched.

05-10-2025T15:17:09 - [TEST_STEP][PASSED] - click(findTestObject("Automation Bookstore/search_bar")): Object: 'Object Repository/Automation Bookstore/search_bar' is clicked on

05-10-2025T15:17:09 - [MESSAGE][PASSED] - Object: 'Object Repository/Automation Bookstore/search_bar' is clicked on

05-10-2025T15:17:09 - [TEST_STEP][PASSED] - setText(findTestObject("Automation Bookstore/search_bar"), name_book): Text 'How Google Tests Software' is set on object 'Object Repository/Automation Bookstore/search_bar'

05-10-2025T15:17:10 - [MESSAGE][PASSED] - Text 'How Google Tests Software' is set on object 'Object Repository/Automation Bookstore/search_bar'

05-10-2025T15:17:10 - [TEST_STEP][PASSED] - verifyTextPresent(name_book, false): Text 'How Google Tests Software' is present on page 

05-10-2025T15:17:10 - [MESSAGE][PASSED] - Text 'How Google Tests Software' is present on page 

05-10-2025T15:17:10 - [TEST_STEP][PASSED] - click(findTestObject("Automation Bookstore/X-button")): Object: 'Object Repository/Automation Bookstore/X-button' is clicked on

05-10-2025T15:17:10 - [MESSAGE][PASSED] - Object: 'Object Repository/Automation Bookstore/X-button' is clicked on

05-10-2025T15:17:10 - [TEST_STEP][PASSED] - verifyTextPresent(name_book, false): Text 'How Google Tests Software' is present on page 

05-10-2025T15:17:10 - [MESSAGE][PASSED] - Text 'How Google Tests Software' is present on page 

05-10-2025T15:17:10 - [TEST_STEP][PASSED] - closeBrowser(): Browser is closed

05-10-2025T15:17:11 - [MESSAGE][PASSED] - Browser is closed]]></system-out>
         <system-err><![CDATA[]]></system-err>
      </testcase>
      <testcase name="Test Cases/Task-Bookstore" time="3.759" classname="Test Cases/Task-Bookstore" status="PASSED">
         <properties>
            <property name="data_binding"><![CDATA[{"id_books":"5","name_book":"Java For Testers"}]]></property>
         </properties>
         <system-out><![CDATA[05-10-2025T15:17:11 - [TEST_CASE][PASSED] - Test Cases/Task-Bookstore: Test Cases/Task-Bookstore

05-10-2025T15:17:11 - [TEST_STEP][PASSED] - Start listener action : beforeTestCase: null

05-10-2025T15:17:11 - [TEST_STEP][PASSED] - addDefaultPackages(): null

05-10-2025T15:17:11 - [TEST_STEP][PASSED] - openBrowser(""): Browser is opened with url: ''

05-10-2025T15:17:11 - [MESSAGE][INFO] - Starting 'Chrome' driver

05-10-2025T15:17:11 - [MESSAGE][INFO] - Action delay is set to 0 milliseconds

05-10-2025T15:17:11 - [MESSAGE][PASSED] - Browser is opened with url: ''

05-10-2025T15:17:11 - [TEST_STEP][PASSED] - navigateToUrl("https://automationbookstore.dev/"): Navigate to 'https://automationbookstore.dev/' successfully

05-10-2025T15:17:12 - [MESSAGE][PASSED] - Navigate to 'https://automationbookstore.dev/' successfully

05-10-2025T15:17:12 - [TEST_STEP][PASSED] - maximizeWindow(): Current window maximized

05-10-2025T15:17:12 - [MESSAGE][PASSED] - Current window maximized

05-10-2025T15:17:12 - [TEST_STEP][PASSED] - verifyElementText(findTestObject("Automation Bookstore/title-automation-bookstore"), "Automation Bookstore"): Actual text and expected text of test object 'Object Repository/Automation Bookstore/title-automation-bookstore' are matched.

05-10-2025T15:17:13 - [MESSAGE][PASSED] - Actual text and expected text of test object 'Object Repository/Automation Bookstore/title-automation-bookstore' are matched.

05-10-2025T15:17:13 - [TEST_STEP][PASSED] - click(findTestObject("Automation Bookstore/search_bar")): Object: 'Object Repository/Automation Bookstore/search_bar' is clicked on

05-10-2025T15:17:13 - [MESSAGE][PASSED] - Object: 'Object Repository/Automation Bookstore/search_bar' is clicked on

05-10-2025T15:17:13 - [TEST_STEP][PASSED] - setText(findTestObject("Automation Bookstore/search_bar"), name_book): Text 'Java For Testers' is set on object 'Object Repository/Automation Bookstore/search_bar'

05-10-2025T15:17:13 - [MESSAGE][PASSED] - Text 'Java For Testers' is set on object 'Object Repository/Automation Bookstore/search_bar'

05-10-2025T15:17:13 - [TEST_STEP][PASSED] - verifyTextPresent(name_book, false): Text 'Java For Testers' is present on page 

05-10-2025T15:17:14 - [MESSAGE][PASSED] - Text 'Java For Testers' is present on page 

05-10-2025T15:17:14 - [TEST_STEP][PASSED] - click(findTestObject("Automation Bookstore/X-button")): Object: 'Object Repository/Automation Bookstore/X-button' is clicked on

05-10-2025T15:17:14 - [MESSAGE][PASSED] - Object: 'Object Repository/Automation Bookstore/X-button' is clicked on

05-10-2025T15:17:14 - [TEST_STEP][PASSED] - verifyTextPresent(name_book, false): Text 'Java For Testers' is present on page 

05-10-2025T15:17:14 - [MESSAGE][PASSED] - Text 'Java For Testers' is present on page 

05-10-2025T15:17:14 - [TEST_STEP][PASSED] - closeBrowser(): Browser is closed

05-10-2025T15:17:14 - [MESSAGE][PASSED] - Browser is closed]]></system-out>
         <system-err><![CDATA[]]></system-err>
      </testcase>
      <testcase name="Test Cases/Task-Bookstore" time="3.461" classname="Test Cases/Task-Bookstore" status="PASSED">
         <properties>
            <property name="data_binding"><![CDATA[{"id_books":"6","name_book":"Advanced Selenium in Java"}]]></property>
         </properties>
         <system-out><![CDATA[05-10-2025T15:17:14 - [TEST_CASE][PASSED] - Test Cases/Task-Bookstore: Test Cases/Task-Bookstore

05-10-2025T15:17:14 - [TEST_STEP][PASSED] - Start listener action : beforeTestCase: null

05-10-2025T15:17:14 - [TEST_STEP][PASSED] - addDefaultPackages(): null

05-10-2025T15:17:14 - [TEST_STEP][PASSED] - openBrowser(""): Browser is opened with url: ''

05-10-2025T15:17:14 - [MESSAGE][INFO] - Starting 'Chrome' driver

05-10-2025T15:17:14 - [MESSAGE][INFO] - Action delay is set to 0 milliseconds

05-10-2025T15:17:15 - [MESSAGE][PASSED] - Browser is opened with url: ''

05-10-2025T15:17:15 - [TEST_STEP][PASSED] - navigateToUrl("https://automationbookstore.dev/"): Navigate to 'https://automationbookstore.dev/' successfully

05-10-2025T15:17:15 - [MESSAGE][PASSED] - Navigate to 'https://automationbookstore.dev/' successfully

05-10-2025T15:17:15 - [TEST_STEP][PASSED] - maximizeWindow(): Current window maximized

05-10-2025T15:17:16 - [MESSAGE][PASSED] - Current window maximized

05-10-2025T15:17:16 - [TEST_STEP][PASSED] - verifyElementText(findTestObject("Automation Bookstore/title-automation-bookstore"), "Automation Bookstore"): Actual text and expected text of test object 'Object Repository/Automation Bookstore/title-automation-bookstore' are matched.

05-10-2025T15:17:16 - [MESSAGE][PASSED] - Actual text and expected text of test object 'Object Repository/Automation Bookstore/title-automation-bookstore' are matched.

05-10-2025T15:17:16 - [TEST_STEP][PASSED] - click(findTestObject("Automation Bookstore/search_bar")): Object: 'Object Repository/Automation Bookstore/search_bar' is clicked on

05-10-2025T15:17:16 - [MESSAGE][PASSED] - Object: 'Object Repository/Automation Bookstore/search_bar' is clicked on

05-10-2025T15:17:16 - [TEST_STEP][PASSED] - setText(findTestObject("Automation Bookstore/search_bar"), name_book): Text 'Advanced Selenium in Java' is set on object 'Object Repository/Automation Bookstore/search_bar'

05-10-2025T15:17:17 - [MESSAGE][PASSED] - Text 'Advanced Selenium in Java' is set on object 'Object Repository/Automation Bookstore/search_bar'

05-10-2025T15:17:17 - [TEST_STEP][PASSED] - verifyTextPresent(name_book, false): Text 'Advanced Selenium in Java' is present on page 

05-10-2025T15:17:17 - [MESSAGE][PASSED] - Text 'Advanced Selenium in Java' is present on page 

05-10-2025T15:17:17 - [TEST_STEP][PASSED] - click(findTestObject("Automation Bookstore/X-button")): Object: 'Object Repository/Automation Bookstore/X-button' is clicked on

05-10-2025T15:17:17 - [MESSAGE][PASSED] - Object: 'Object Repository/Automation Bookstore/X-button' is clicked on

05-10-2025T15:17:17 - [TEST_STEP][PASSED] - verifyTextPresent(name_book, false): Text 'Advanced Selenium in Java' is present on page 

05-10-2025T15:17:18 - [MESSAGE][PASSED] - Text 'Advanced Selenium in Java' is present on page 

05-10-2025T15:17:18 - [TEST_STEP][PASSED] - closeBrowser(): Browser is closed

05-10-2025T15:17:18 - [MESSAGE][PASSED] - Browser is closed]]></system-out>
         <system-err><![CDATA[]]></system-err>
      </testcase>
      <testcase name="Test Cases/Task-Bookstore" time="3.545" classname="Test Cases/Task-Bookstore" status="PASSED">
         <properties>
            <property name="data_binding"><![CDATA[{"id_books":"7","name_book":"The Cucumber for Java Book"}]]></property>
         </properties>
         <system-out><![CDATA[05-10-2025T15:17:18 - [TEST_CASE][PASSED] - Test Cases/Task-Bookstore: Test Cases/Task-Bookstore

05-10-2025T15:17:18 - [TEST_STEP][PASSED] - Start listener action : beforeTestCase: null

05-10-2025T15:17:18 - [TEST_STEP][PASSED] - addDefaultPackages(): null

05-10-2025T15:17:18 - [TEST_STEP][PASSED] - openBrowser(""): Browser is opened with url: ''

05-10-2025T15:17:18 - [MESSAGE][INFO] - Starting 'Chrome' driver

05-10-2025T15:17:18 - [MESSAGE][INFO] - Action delay is set to 0 milliseconds

05-10-2025T15:17:19 - [MESSAGE][PASSED] - Browser is opened with url: ''

05-10-2025T15:17:19 - [TEST_STEP][PASSED] - navigateToUrl("https://automationbookstore.dev/"): Navigate to 'https://automationbookstore.dev/' successfully

05-10-2025T15:17:19 - [MESSAGE][PASSED] - Navigate to 'https://automationbookstore.dev/' successfully

05-10-2025T15:17:19 - [TEST_STEP][PASSED] - maximizeWindow(): Current window maximized

05-10-2025T15:17:19 - [MESSAGE][PASSED] - Current window maximized

05-10-2025T15:17:19 - [TEST_STEP][PASSED] - verifyElementText(findTestObject("Automation Bookstore/title-automation-bookstore"), "Automation Bookstore"): Actual text and expected text of test object 'Object Repository/Automation Bookstore/title-automation-bookstore' are matched.

05-10-2025T15:17:20 - [MESSAGE][PASSED] - Actual text and expected text of test object 'Object Repository/Automation Bookstore/title-automation-bookstore' are matched.

05-10-2025T15:17:20 - [TEST_STEP][PASSED] - click(findTestObject("Automation Bookstore/search_bar")): Object: 'Object Repository/Automation Bookstore/search_bar' is clicked on

05-10-2025T15:17:20 - [MESSAGE][PASSED] - Object: 'Object Repository/Automation Bookstore/search_bar' is clicked on

05-10-2025T15:17:20 - [TEST_STEP][PASSED] - setText(findTestObject("Automation Bookstore/search_bar"), name_book): Text 'The Cucumber for Java Book' is set on object 'Object Repository/Automation Bookstore/search_bar'

05-10-2025T15:17:20 - [MESSAGE][PASSED] - Text 'The Cucumber for Java Book' is set on object 'Object Repository/Automation Bookstore/search_bar'

05-10-2025T15:17:20 - [TEST_STEP][PASSED] - verifyTextPresent(name_book, false): Text 'The Cucumber for Java Book' is present on page 

05-10-2025T15:17:21 - [MESSAGE][PASSED] - Text 'The Cucumber for Java Book' is present on page 

05-10-2025T15:17:21 - [TEST_STEP][PASSED] - click(findTestObject("Automation Bookstore/X-button")): Object: 'Object Repository/Automation Bookstore/X-button' is clicked on

05-10-2025T15:17:21 - [MESSAGE][PASSED] - Object: 'Object Repository/Automation Bookstore/X-button' is clicked on

05-10-2025T15:17:21 - [TEST_STEP][PASSED] - verifyTextPresent(name_book, false): Text 'The Cucumber for Java Book' is present on page 

05-10-2025T15:17:21 - [MESSAGE][PASSED] - Text 'The Cucumber for Java Book' is present on page 

05-10-2025T15:17:21 - [TEST_STEP][PASSED] - closeBrowser(): Browser is closed

05-10-2025T15:17:21 - [MESSAGE][PASSED] - Browser is closed]]></system-out>
         <system-err><![CDATA[]]></system-err>
      </testcase>
      <testcase name="Test Cases/Task-Bookstore" time="3.388" classname="Test Cases/Task-Bookstore" status="PASSED">
         <properties>
            <property name="data_binding"><![CDATA[{"id_books":"8","name_book":"BDD in Action"}]]></property>
         </properties>
         <system-out><![CDATA[05-10-2025T15:17:21 - [TEST_CASE][PASSED] - Test Cases/Task-Bookstore: Test Cases/Task-Bookstore

05-10-2025T15:17:21 - [TEST_STEP][PASSED] - Start listener action : beforeTestCase: null

05-10-2025T15:17:21 - [TEST_STEP][PASSED] - addDefaultPackages(): null

05-10-2025T15:17:21 - [TEST_STEP][PASSED] - openBrowser(""): Browser is opened with url: ''

05-10-2025T15:17:21 - [MESSAGE][INFO] - Starting 'Chrome' driver

05-10-2025T15:17:21 - [MESSAGE][INFO] - Action delay is set to 0 milliseconds

05-10-2025T15:17:22 - [MESSAGE][PASSED] - Browser is opened with url: ''

05-10-2025T15:17:22 - [TEST_STEP][PASSED] - navigateToUrl("https://automationbookstore.dev/"): Navigate to 'https://automationbookstore.dev/' successfully

05-10-2025T15:17:22 - [MESSAGE][PASSED] - Navigate to 'https://automationbookstore.dev/' successfully

05-10-2025T15:17:22 - [TEST_STEP][PASSED] - maximizeWindow(): Current window maximized

05-10-2025T15:17:23 - [MESSAGE][PASSED] - Current window maximized

05-10-2025T15:17:23 - [TEST_STEP][PASSED] - verifyElementText(findTestObject("Automation Bookstore/title-automation-bookstore"), "Automation Bookstore"): Actual text and expected text of test object 'Object Repository/Automation Bookstore/title-automation-bookstore' are matched.

05-10-2025T15:17:23 - [MESSAGE][PASSED] - Actual text and expected text of test object 'Object Repository/Automation Bookstore/title-automation-bookstore' are matched.

05-10-2025T15:17:23 - [TEST_STEP][PASSED] - click(findTestObject("Automation Bookstore/search_bar")): Object: 'Object Repository/Automation Bookstore/search_bar' is clicked on

05-10-2025T15:17:23 - [MESSAGE][PASSED] - Object: 'Object Repository/Automation Bookstore/search_bar' is clicked on

05-10-2025T15:17:23 - [TEST_STEP][PASSED] - setText(findTestObject("Automation Bookstore/search_bar"), name_book): Text 'BDD in Action' is set on object 'Object Repository/Automation Bookstore/search_bar'

05-10-2025T15:17:24 - [MESSAGE][PASSED] - Text 'BDD in Action' is set on object 'Object Repository/Automation Bookstore/search_bar'

05-10-2025T15:17:24 - [TEST_STEP][PASSED] - verifyTextPresent(name_book, false): Text 'BDD in Action' is present on page 

05-10-2025T15:17:24 - [MESSAGE][PASSED] - Text 'BDD in Action' is present on page 

05-10-2025T15:17:24 - [TEST_STEP][PASSED] - click(findTestObject("Automation Bookstore/X-button")): Object: 'Object Repository/Automation Bookstore/X-button' is clicked on

05-10-2025T15:17:24 - [MESSAGE][PASSED] - Object: 'Object Repository/Automation Bookstore/X-button' is clicked on

05-10-2025T15:17:24 - [TEST_STEP][PASSED] - verifyTextPresent(name_book, false): Text 'BDD in Action' is present on page 

05-10-2025T15:17:25 - [MESSAGE][PASSED] - Text 'BDD in Action' is present on page 

05-10-2025T15:17:25 - [TEST_STEP][PASSED] - closeBrowser(): Browser is closed

05-10-2025T15:17:25 - [MESSAGE][PASSED] - Browser is closed]]></system-out>
         <system-err><![CDATA[]]></system-err>
      </testcase>
      <system-out><![CDATA[05-10-2025T15:16:54 - [TEST_SUITE][PASSED] - automation-bookstore: null]]></system-out>
      <system-err><![CDATA[]]></system-err>
   </testsuite>
</testsuites>
